INFO 2021-04-09 00:40:03 BaseModelLoader.py: 34] Successfully parsed the model configuration file meta.json!
INFO 2021-04-09 00:40:04 FaceDetModelLoader.py: 34] Successfully loaded the face detection model!
INFO 2021-04-09 00:40:04 FaceAlignModelLoader.py: 17] Start to analyze the face landmark model, model path: models, model category: face_alignment，model name: face_alignment_1.0
INFO 2021-04-09 00:40:04 BaseModelLoader.py: 34] Successfully parsed the model configuration file meta.json!
INFO 2021-04-09 00:40:05 FaceAlignModelLoader.py: 29] Successfully loaded the face landmark model!
INFO 2021-04-09 00:40:46 FaceDetModelLoader.py: 17] Start to analyze the face detection model, model path: models, model category: face_detection，model name: face_detection_1.0
INFO 2021-04-09 00:40:46 BaseModelLoader.py: 34] Successfully parsed the model configuration file meta.json!
INFO 2021-04-09 00:40:46 FaceDetModelLoader.py: 34] Successfully loaded the face detection model!
INFO 2021-04-09 00:40:46 FaceAlignModelLoader.py: 17] Start to analyze the face landmark model, model path: models, model category: face_alignment，model name: face_alignment_1.0
INFO 2021-04-09 00:40:46 BaseModelLoader.py: 34] Successfully parsed the model configuration file meta.json!
INFO 2021-04-09 00:40:48 FaceAlignModelLoader.py: 29] Successfully loaded the face landmark model!
INFO 2021-04-09 02:15:42 FaceDetModelLoader.py: 17] Start to analyze the face detection model, model path: models, model category: face_detection，model name: face_detection_1.0
INFO 2021-04-09 02:15:42 BaseModelLoader.py: 34] Successfully parsed the model configuration file meta.json!
INFO 2021-04-09 02:15:42 FaceDetModelLoader.py: 34] Successfully loaded the face detection model!
INFO 2021-04-09 02:15:42 FaceAlignModelLoader.py: 17] Start to analyze the face landmark model, model path: models, model category: face_alignment，model name: face_alignment_1.0
INFO 2021-04-09 02:15:42 BaseModelLoader.py: 34] Successfully parsed the model configuration file meta.json!
INFO 2021-04-09 02:15:43 FaceAlignModelLoader.py: 29] Successfully loaded the face landmark model!
INFO 2021-04-09 03:00:17 FaceDetModelLoader.py: 17] Start to analyze the face detection model, model path: models, model category: face_detection，model name: face_detection_1.0
INFO 2021-04-09 03:00:17 BaseModelLoader.py: 34] Successfully parsed the model configuration file meta.json!
INFO 2021-04-09 03:00:17 FaceDetModelLoader.py: 34] Successfully loaded the face detection model!
INFO 2021-04-09 03:00:17 FaceAlignModelLoader.py: 17] Start to analyze the face landmark model, model path: models, model category: face_alignment，model name: face_alignment_1.0
INFO 2021-04-09 03:00:17 BaseModelLoader.py: 34] Successfully parsed the model configuration file meta.json!
INFO 2021-04-09 03:00:18 FaceAlignModelLoader.py: 29] Successfully loaded the face landmark model!
INFO 2021-04-09 03:07:48 FaceDetModelLoader.py: 17] Start to analyze the face detection model, model path: models, model category: face_detection，model name: face_detection_1.0
INFO 2021-04-09 03:07:48 BaseModelLoader.py: 34] Successfully parsed the model configuration file meta.json!
INFO 2021-04-09 03:07:48 FaceDetModelLoader.py: 34] Successfully loaded the face detection model!
INFO 2021-04-09 03:07:48 FaceAlignModelLoader.py: 17] Start to analyze the face landmark model, model path: models, model category: face_alignment，model name: face_alignment_1.0
INFO 2021-04-09 03:07:48 BaseModelLoader.py: 34] Successfully parsed the model configuration file meta.json!
INFO 2021-04-09 03:07:49 FaceAlignModelLoader.py: 29] Successfully loaded the face landmark model!
INFO 2021-04-09 03:18:45 FaceDetModelLoader.py: 17] Start to analyze the face detection model, model path: models, model category: face_detection，model name: face_detection_1.0
INFO 2021-04-09 03:18:45 BaseModelLoader.py: 34] Successfully parsed the model configuration file meta.json!
INFO 2021-04-09 03:18:45 FaceDetModelLoader.py: 34] Successfully loaded the face detection model!
INFO 2021-04-09 03:18:45 FaceAlignModelLoader.py: 17] Start to analyze the face landmark model, model path: models, model category: face_alignment，model name: face_alignment_1.0
INFO 2021-04-09 03:18:45 BaseModelLoader.py: 34] Successfully parsed the model configuration file meta.json!
INFO 2021-04-09 03:18:46 FaceAlignModelLoader.py: 29] Successfully loaded the face landmark model!
INFO 2021-04-09 03:23:21 FaceDetModelLoader.py: 17] Start to analyze the face detection model, model path: models, model category: face_detection，model name: face_detection_1.0
INFO 2021-04-09 03:23:21 BaseModelLoader.py: 34] Successfully parsed the model configuration file meta.json!
INFO 2021-04-09 03:23:21 FaceDetModelLoader.py: 34] Successfully loaded the face detection model!
INFO 2021-04-09 03:23:21 FaceAlignModelLoader.py: 17] Start to analyze the face landmark model, model path: models, model category: face_alignment，model name: face_alignment_1.0
INFO 2021-04-09 03:23:21 BaseModelLoader.py: 34] Successfully parsed the model configuration file meta.json!
INFO 2021-04-09 03:23:23 FaceAlignModelLoader.py: 29] Successfully loaded the face landmark model!
INFO 2021-04-09 03:42:50 FaceDetModelLoader.py: 17] Start to analyze the face detection model, model path: models, model category: face_detection，model name: face_detection_1.0
INFO 2021-04-09 03:42:50 BaseModelLoader.py: 34] Successfully parsed the model configuration file meta.json!
INFO 2021-04-09 03:42:50 FaceDetModelLoader.py: 34] Successfully loaded the face detection model!
INFO 2021-04-09 03:42:50 FaceAlignModelLoader.py: 17] Start to analyze the face landmark model, model path: models, model category: face_alignment，model name: face_alignment_1.0
INFO 2021-04-09 03:42:50 BaseModelLoader.py: 34] Successfully parsed the model configuration file meta.json!
INFO 2021-04-09 03:42:52 FaceAlignModelLoader.py: 29] Successfully loaded the face landmark model!
INFO 2021-04-09 03:56:49 FaceDetModelLoader.py: 17] Start to analyze the face detection model, model path: models, model category: face_detection，model name: face_detection_1.0
INFO 2021-04-09 03:56:49 BaseModelLoader.py: 34] Successfully parsed the model configuration file meta.json!
INFO 2021-04-09 03:56:49 FaceDetModelLoader.py: 34] Successfully loaded the face detection model!
INFO 2021-04-09 03:56:49 FaceAlignModelLoader.py: 17] Start to analyze the face landmark model, model path: models, model category: face_alignment，model name: face_alignment_1.0
INFO 2021-04-09 03:56:49 BaseModelLoader.py: 34] Successfully parsed the model configuration file meta.json!
INFO 2021-04-09 03:56:50 FaceAlignModelLoader.py: 29] Successfully loaded the face landmark model!
